2022-02-06 17:17:19 | INFO | Start training
2022-02-06 17:17:19 | INFO | Starting training...
2022-02-06 17:17:19 | INFO | Epoch 0: (alpha, beta, gamma) = (nan, 0.2825, 0.2109)
2022-02-06 17:17:19 | INFO | Epoch 100: (alpha, beta, gamma) = (nan, nan, nan)
2022-02-06 17:17:20 | INFO | Epoch 200: (alpha, beta, gamma) = (nan, nan, nan)
2022-02-06 17:17:20 | INFO | Epoch 300: (alpha, beta, gamma) = (nan, nan, nan)
2022-02-06 17:17:20 | INFO | Epoch 400: (alpha, beta, gamma) = (nan, nan, nan)
2022-02-06 17:17:21 | INFO | Epoch 500: (alpha, beta, gamma) = (nan, nan, nan)
2022-02-06 17:17:21 | INFO | Epoch 600: (alpha, beta, gamma) = (nan, nan, nan)
2022-02-06 17:17:21 | INFO | Epoch 700: (alpha, beta, gamma) = (nan, nan, nan)
2022-02-06 17:17:22 | INFO | Epoch 800: (alpha, beta, gamma) = (nan, nan, nan)
2022-02-06 17:17:22 | INFO | Epoch 900: (alpha, beta, gamma) = (nan, nan, nan)
2022-02-06 17:17:22 | INFO | Epoch 1000: (alpha, beta, gamma) = (nan, nan, nan)
2022-02-06 17:17:23 | INFO | Epoch 1100: (alpha, beta, gamma) = (nan, nan, nan)
2022-02-06 17:17:23 | INFO | Epoch 1200: (alpha, beta, gamma) = (nan, nan, nan)
2022-02-06 17:17:23 | INFO | Epoch 1300: (alpha, beta, gamma) = (nan, nan, nan)
2022-02-06 17:17:24 | INFO | Epoch 1400: (alpha, beta, gamma) = (nan, nan, nan)
2022-02-06 17:17:24 | INFO | Epoch 1500: (alpha, beta, gamma) = (nan, nan, nan)
2022-02-06 17:17:24 | INFO | Epoch 1600: (alpha, beta, gamma) = (nan, nan, nan)
2022-02-06 17:17:25 | INFO | Epoch 1700: (alpha, beta, gamma) = (nan, nan, nan)
2022-02-06 17:17:25 | INFO | Epoch 1800: (alpha, beta, gamma) = (nan, nan, nan)
2022-02-06 17:17:25 | INFO | Epoch 1900: (alpha, beta, gamma) = (nan, nan, nan)
2022-02-06 17:17:25 | INFO | Training ends
2022-02-06 17:17:25 | INFO | (Alpha, Beta, Gamma): (nan, nan, nan)
